{"/Users/cynthia/Documents/2021-Spring-JS/js-object-check/src/resistor.js": {"path":"/Users/cynthia/Documents/2021-Spring-JS/js-object-check/src/resistor.js","statementMap":{"0":{"start":{"line":16,"column":17},"end":{"line":28,"column":3}},"1":{"start":{"line":29,"column":2},"end":{"line":29,"column":23}},"2":{"start":{"line":39,"column":19},"end":{"line":39,"column":24}},"3":{"start":{"line":40,"column":2},"end":{"line":40,"column":53}},"4":{"start":{"line":54,"column":17},"end":{"line":58,"column":3}},"5":{"start":{"line":59,"column":2},"end":{"line":63,"column":3}},"6":{"start":{"line":59,"column":15},"end":{"line":59,"column":16}},"7":{"start":{"line":60,"column":4},"end":{"line":62,"column":5}},"8":{"start":{"line":61,"column":6},"end":{"line":61,"column":69}},"9":{"start":{"line":64,"column":2},"end":{"line":64,"column":24}},"10":{"start":{"line":72,"column":2},"end":{"line":72,"column":52}},"11":{"start":{"line":81,"column":17},"end":{"line":91,"column":3}},"12":{"start":{"line":92,"column":2},"end":{"line":92,"column":23}},"13":{"start":{"line":111,"column":12},"end":{"line":111,"column":50}},"14":{"start":{"line":112,"column":2},"end":{"line":112,"column":46}},"15":{"start":{"line":113,"column":15},"end":{"line":113,"column":32}},"16":{"start":{"line":114,"column":20},"end":{"line":114,"column":42}},"17":{"start":{"line":115,"column":2},"end":{"line":115,"column":53}},"18":{"start":{"line":120,"column":0},"end":{"line":127,"column":2}}},"fnMap":{"0":{"name":"getColorValue","decl":{"start":{"line":8,"column":9},"end":{"line":8,"column":22}},"loc":{"start":{"line":8,"column":30},"end":{"line":30,"column":1}},"line":8},"1":{"name":"getBandPairValue","decl":{"start":{"line":33,"column":9},"end":{"line":33,"column":25}},"loc":{"start":{"line":33,"column":33},"end":{"line":41,"column":1}},"line":33},"2":{"name":"formatNumber","decl":{"start":{"line":43,"column":9},"end":{"line":43,"column":21}},"loc":{"start":{"line":43,"column":27},"end":{"line":65,"column":1}},"line":43},"3":{"name":"getValueWithMultiplier","decl":{"start":{"line":67,"column":9},"end":{"line":67,"column":31}},"loc":{"start":{"line":67,"column":46},"end":{"line":73,"column":1}},"line":67},"4":{"name":"getTolerance","decl":{"start":{"line":75,"column":9},"end":{"line":75,"column":21}},"loc":{"start":{"line":75,"column":29},"end":{"line":94,"column":1}},"line":75},"5":{"name":"getResistorOhms","decl":{"start":{"line":96,"column":9},"end":{"line":96,"column":24}},"loc":{"start":{"line":96,"column":32},"end":{"line":118,"column":1}},"line":96}},"branchMap":{"0":{"loc":{"start":{"line":60,"column":4},"end":{"line":62,"column":5}},"type":"if","locations":[{"start":{"line":60,"column":4},"end":{"line":62,"column":5}},{"start":{"line":60,"column":4},"end":{"line":62,"column":5}}],"line":60}},"s":{"0":10,"1":10,"2":3,"3":3,"4":7,"5":7,"6":7,"7":16,"8":6,"9":1,"10":2,"11":9,"12":9,"13":1,"14":1,"15":1,"16":1,"17":1,"18":1},"f":{"0":10,"1":3,"2":7,"3":2,"4":9,"5":1},"b":{"0":[6,10]},"_coverageSchema":"1a1c01bbd47fc00a2c39e90264f33305004495a9","hash":"47ec8337cc9bd2df341afab7b302d3bcfb2922bc"}
,"/Users/cynthia/Documents/2021-Spring-JS/js-object-check/src/times.js": {"path":"/Users/cynthia/Documents/2021-Spring-JS/js-object-check/src/times.js","statementMap":{"0":{"start":{"line":6,"column":2},"end":{"line":6,"column":15}},"1":{"start":{"line":9,"column":0},"end":{"line":9,"column":23}}},"fnMap":{"0":{"name":"times","decl":{"start":{"line":3,"column":9},"end":{"line":3,"column":14}},"loc":{"start":{"line":3,"column":21},"end":{"line":7,"column":1}},"line":3}},"branchMap":{},"s":{"0":1,"1":1},"f":{"0":1},"b":{},"_coverageSchema":"1a1c01bbd47fc00a2c39e90264f33305004495a9","hash":"65815478177c7326eef6a1bfef215183fe80b162"}
,"/Users/cynthia/Documents/2021-Spring-JS/js-object-check/src/very-easy.js": {"path":"/Users/cynthia/Documents/2021-Spring-JS/js-object-check/src/very-easy.js","statementMap":{"0":{"start":{"line":8,"column":2},"end":{"line":10,"column":3}},"1":{"start":{"line":9,"column":4},"end":{"line":9,"column":16}},"2":{"start":{"line":11,"column":2},"end":{"line":11,"column":15}},"3":{"start":{"line":18,"column":2},"end":{"line":20,"column":3}},"4":{"start":{"line":19,"column":4},"end":{"line":19,"column":16}},"5":{"start":{"line":21,"column":2},"end":{"line":21,"column":15}},"6":{"start":{"line":30,"column":2},"end":{"line":30,"column":45}},"7":{"start":{"line":33,"column":0},"end":{"line":37,"column":2}}},"fnMap":{"0":{"name":"isInRange","decl":{"start":{"line":3,"column":9},"end":{"line":3,"column":18}},"loc":{"start":{"line":3,"column":29},"end":{"line":12,"column":1}},"line":3},"1":{"name":"isEmptyObject","decl":{"start":{"line":14,"column":9},"end":{"line":14,"column":22}},"loc":{"start":{"line":14,"column":28},"end":{"line":22,"column":1}},"line":14},"2":{"name":"getVolumeOfBox","decl":{"start":{"line":24,"column":9},"end":{"line":24,"column":23}},"loc":{"start":{"line":24,"column":29},"end":{"line":31,"column":1}},"line":24}},"branchMap":{"0":{"loc":{"start":{"line":8,"column":2},"end":{"line":10,"column":3}},"type":"if","locations":[{"start":{"line":8,"column":2},"end":{"line":10,"column":3}},{"start":{"line":8,"column":2},"end":{"line":10,"column":3}}],"line":8},"1":{"loc":{"start":{"line":8,"column":6},"end":{"line":8,"column":38}},"type":"binary-expr","locations":[{"start":{"line":8,"column":6},"end":{"line":8,"column":20}},{"start":{"line":8,"column":24},"end":{"line":8,"column":38}}],"line":8},"2":{"loc":{"start":{"line":18,"column":2},"end":{"line":20,"column":3}},"type":"if","locations":[{"start":{"line":18,"column":2},"end":{"line":20,"column":3}},{"start":{"line":18,"column":2},"end":{"line":20,"column":3}}],"line":18}},"s":{"0":4,"1":3,"2":1,"3":2,"4":1,"5":1,"6":1,"7":1},"f":{"0":4,"1":2,"2":1},"b":{"0":[3,1],"1":[4,3],"2":[1,1]},"_coverageSchema":"1a1c01bbd47fc00a2c39e90264f33305004495a9","hash":"b1d2a543e0923a9977c647fff623177fadfb02e7"}
}
