TN:
SF:src/resistor.js
FN:8,getColorValue
FN:33,getBandPairValue
FN:43,formatNumber
FN:67,getValueWithMultiplier
FN:75,getTolerance
FN:96,getResistorOhms
FNF:6
FNH:6
FNDA:10,getColorValue
FNDA:3,getBandPairValue
FNDA:7,formatNumber
FNDA:2,getValueWithMultiplier
FNDA:9,getTolerance
FNDA:1,getResistorOhms
DA:16,10
DA:29,10
DA:39,3
DA:40,3
DA:54,7
DA:59,7
DA:60,16
DA:61,6
DA:64,1
DA:72,2
DA:81,9
DA:92,9
DA:111,1
DA:112,1
DA:113,1
DA:114,1
DA:115,1
DA:120,1
LF:18
LH:18
BRDA:60,0,0,6
BRDA:60,0,1,10
BRF:2
BRH:2
end_of_record
TN:
SF:src/times.js
FN:3,times
FNF:1
FNH:1
FNDA:1,times
DA:6,1
DA:9,1
LF:2
LH:2
BRF:0
BRH:0
end_of_record
TN:
SF:src/very-easy.js
FN:3,isInRange
FN:14,isEmptyObject
FN:24,getVolumeOfBox
FNF:3
FNH:3
FNDA:4,isInRange
FNDA:2,isEmptyObject
FNDA:1,getVolumeOfBox
DA:8,4
DA:9,3
DA:11,1
DA:18,2
DA:19,1
DA:21,1
DA:30,1
DA:33,1
LF:8
LH:8
BRDA:8,0,0,3
BRDA:8,0,1,1
BRDA:8,1,0,4
BRDA:8,1,1,3
BRDA:18,2,0,1
BRDA:18,2,1,1
BRF:6
BRH:6
end_of_record
